<?xml version="1.0" encoding="UTF-8"?>
<!-- Generated by org.testng.reporters.JUnitReportReporter -->
<testsuite hostname="BLLCLAPUS1410" failures="0" tests="1" name="com.videogame.VideoGameDB.VideoGameTest" time="7.668" errors="0" timestamp="2022-02-23T10:33:29 PST" skipped="0">
  <testcase classname="com.videogame.VideoGameDB.VideoGameTest" name="verifyReturnsAlltheVideosGamesInTheDB" time="7.668"/>
  <system-out/>
</testsuite> <!-- com.videogame.VideoGameDB.VideoGameTest -->
